<?xml version="1.0" encoding="UTF-8"?>
<!--suppress DuplicatedBeanNamesInspection, UnparsedCustomBeanInspection -->
<beans xmlns="http://www.springframework.org/schema/beans"
       xmlns:xsi="http://www.w3.org/2001/XMLSchema-instance"
       xmlns:zuul="http://www.devnull.org/schema/zuul-spring-client"
       xsi:schemaLocation="
http://www.springframework.org/schema/beans http://www.springframework.org/schema/beans/spring-beans-3.1.xsd
http://www.devnull.org/schema/zuul-spring-client http://devnull.org/schema/zuul-spring-client.xsd
">


    <beans profile="pbe-aes">
        <zuul:properties id="appDataConfig" host="localhost" config="test-aes-config" port="8081" environment="prod"
                         ssl="false">
            <zuul:pbe-decryptor algorithm="PBEWITHSHA256AND128BITAES-CBC-BC" password="badpassword1"/>
        </zuul:properties>
    </beans>
    <beans profile="pbe-des">
        <zuul:properties id="appDataConfig" host="localhost" config="test-des-config" port="8081" environment="dev"
                         ssl="false">
            <zuul:file-store/>
            <zuul:pbe-decryptor algorithm="PBEWithMD5AndDES" password="badpassword1"/>
        </zuul:properties>
    </beans>
    <beans profile="pgp">
        <zuul:properties id="appDataConfig" host="localhost" config="test-pgp-config" port="8081" environment="qa"
                         ssl="false">
            <zuul:pgp-decryptor secret-key-ring="classpath:/pgp/acme/secring.gpg"/>
        </zuul:properties>
    </beans>
    <beans profile="pgp-personal">
        <zuul:properties id="appDataConfig" host="localhost" config="test-pgp-personal-config" port="8081"
                         environment="qa" ssl="false">
            <zuul:pgp-decryptor password="#{environment['GNUPGPASSWD']}"
                                secret-key-ring="#{environment['GNUPGHOME']}/secring.gpg"/>
        </zuul:properties>
    </beans>
    <beans profile="vanilla">
        <zuul:properties id="appDataConfig" host="localhost" config="app-vanilla-config" port="8081" environment="prod"
                         ssl="false"/>
    </beans>
</beans>
